2025-04-27 10:40:02: MongoDB connected
2025-04-27 10:40:02: Server running on port 5000
2025-04-27 10:43:49: MongoDB connected
2025-04-27 10:43:49: Initializing late registration IDs...
2025-04-27 10:43:49: Initialized 60 late registration IDs.
2025-04-27 10:43:49: Server running on port 5000
2025-04-27 11:48:19: MongoDB connected
2025-04-27 11:48:19: Initializing registration IDs...
2025-04-27 11:48:20: Initialized 829 registration IDs.
2025-04-27 11:48:20: Initializing late registration IDs...
2025-04-27 11:48:20: Initialized 60 late registration IDs.
2025-04-27 11:48:20: Server running on port 5000
2025-04-27 11:54:39: MongoDB connected
2025-04-27 11:54:39: Initializing registration IDs...
2025-04-27 11:54:40: Initialized 829 registration IDs.
2025-04-27 11:54:40: Initializing late registration IDs...
2025-04-27 11:54:40: Initialized 60 late registration IDs.
2025-04-27 11:54:40: Server running on port 5000
2025-04-27 12:03:49: MongoDB connected
2025-04-27 12:03:49: Initializing registration IDs...
2025-04-27 12:03:50: Initialized 829 registration IDs.
2025-04-27 12:03:50: Initializing late registration IDs...
2025-04-27 12:03:50: Initialized 60 late registration IDs.
2025-04-27 12:03:50: Server running on port 5000
2025-04-27 12:12:25: MongoDB connected
2025-04-27 12:12:25: Server running on port 5000
2025-04-27 12:12:33: MongoDB connected
2025-04-27 12:12:34: Server running on port 5000
2025-04-27 12:13:22: MongoDB connected
2025-04-27 12:13:22: Initializing registration IDs...
2025-04-27 12:13:23: Initialized 829 registration IDs.
2025-04-27 12:13:23: Initializing late registration IDs...
2025-04-27 12:13:23: Initialized 60 late registration IDs.
2025-04-27 12:13:23: Server running on port 5000
2025-04-27 21:11:37: MongoDB connected
2025-04-27 21:11:37: Initializing registration IDs...
2025-04-27 21:11:38: Initialized 829 registration IDs.
2025-04-27 21:11:38: Initializing late registration IDs...
2025-04-27 21:11:39: Initialized 60 late registration IDs.
2025-04-27 21:11:39: Server running on port 5000
2025-04-28 11:16:32: MongoDB connected
2025-04-28 11:16:32: Server running on port 5000
2025-04-28 11:17:16: MongoDB connected
2025-04-28 11:17:16: Initializing registration IDs...
2025-04-28 11:17:17: Initialized 830 registration IDs.
2025-04-28 11:17:17: Initializing late registration IDs...
2025-04-28 11:17:17: Initialized 60 late registration IDs.
2025-04-28 11:17:17: Server running on port 5000
2025-04-28 17:19:25: MongoDB connected
2025-04-28 17:19:26: Server running on port 5000
2025-04-30 19:08:12: MongoDB connected
2025-04-30 19:08:12: Server running on port 5000
2025-04-30 19:09:48: MongoDB connected
2025-04-30 19:09:48: Server running on port 5000
2025-04-30 19:10:14: MongoDB connected
2025-04-30 19:10:14: Server running on port 5000
2025-04-30 19:11:09: MongoDB connected
2025-04-30 19:11:09: Server running on port 5000
2025-04-30 19:17:17: MongoDB connected
2025-04-30 19:17:17: Server running on port 5000
2025-04-30 19:17:32: MongoDB connected
2025-04-30 19:17:32: Server running on port 5000
2025-04-30 19:21:58: MongoDB connected
2025-04-30 19:21:58: Server running on port 5000
2025-04-30 19:22:20: MongoDB connected
2025-04-30 19:22:20: Server running on port 5000
2025-04-30 19:22:35: MongoDB connected
2025-04-30 19:22:35: Server running on port 5000
2025-04-30 19:23:12: MongoDB connected
2025-04-30 19:23:13: Server running on port 5000
2025-04-30 19:23:21: MongoDB connected
2025-04-30 19:23:21: Server running on port 5000
2025-04-30 19:25:14: MongoDB connected
2025-04-30 19:25:15: Server running on port 5000
2025-04-30 19:25:22: MongoDB connected
2025-04-30 19:25:22: Server running on port 5000
2025-04-30 19:25:51: MongoDB connected
2025-04-30 19:25:51: Server running on port 5000
2025-04-30 19:28:36: MongoDB connected
2025-04-30 19:28:37: Server running on port 5000
2025-05-04 21:57:16: MongoDB connected
2025-05-04 21:57:17: Server running on port 5000
2025-05-04 21:57:24: MongoDB connected
2025-05-04 21:57:26: Server running on port 5000
2025-05-04 21:58:37: MongoDB connected
2025-05-04 21:58:38: Server running on port 5000
